<?xml version="1.0" encoding="UTF-8"?>
<testng-results skipped="0" failed="0" ignored="0" total="1" passed="1">
  <reporter-output>
  </reporter-output>
  <suite name="Default suite" duration-ms="9289" started-at="2021-05-29T01:57:07 CDT" finished-at="2021-05-29T01:57:16 CDT">
    <groups>
    </groups>
    <test name="Default test" duration-ms="9289" started-at="2021-05-29T01:57:07 CDT" finished-at="2021-05-29T01:57:16 CDT">
      <class name="test.addCustomerTest">
        <test-method status="PASS" signature="validUserToAddCustomer()[pri:0, instance:test.addCustomerTest@1786dec2]" name="validUserToAddCustomer" duration-ms="9238" started-at="2021-05-29T01:57:07 CDT" finished-at="2021-05-29T01:57:16 CDT">
          <reporter-output>
          </reporter-output>
        </test-method> <!-- validUserToAddCustomer -->
      </class> <!-- test.addCustomerTest -->
    </test> <!-- Default test -->
  </suite> <!-- Default suite -->
</testng-results>
